c:\users\prana\source\repos\virtual classroom management system 1\virtual classroom management system 1\x64\debug\vc143.pdb
c:\users\prana\source\repos\virtual classroom management system 1\virtual classroom management system 1\x64\debug\.netframework,version=v4.7.2.assemblyattributes.obj
c:\users\prana\source\repos\virtual classroom management system 1\virtual classroom management system 1\x64\debug\welcome.obj
c:\users\prana\source\repos\virtual classroom management system 1\virtual classroom management system 1\x64\debug\studentlogin.obj
c:\users\prana\source\repos\virtual classroom management system 1\x64\debug\virtual classroom management system1.exe
c:\users\prana\source\repos\virtual classroom management system 1\virtual classroom management system 1\x64\debug\virtual classroom management system 1.vcxproj.assemblyreference.cache
c:\users\prana\source\repos\virtual classroom management system 1\virtual classroom management system 1\x64\debug\virtual classroom management system 1.vcxproj.generateresource.cache
c:\users\prana\source\repos\virtual classroom management system 1\virtual classroom management system 1\x64\debug\virtualclassroommanagementsystem1.studentlogin.resources
c:\users\prana\source\repos\virtual classroom management system 1\virtual classroom management system 1\x64\debug\virtualclassroommanagementsystem1.welcome.resources
c:\users\prana\source\repos\virtual classroom management system 1\x64\debug\virtual classroom management system1.pdb
c:\users\prana\source\repos\virtual classroom management system 1\virtual classroom management system 1\x64\debug\virtual .90c12358.tlog\cl.command.1.tlog
c:\users\prana\source\repos\virtual classroom management system 1\virtual classroom management system 1\x64\debug\virtual .90c12358.tlog\cl.read.1.tlog
c:\users\prana\source\repos\virtual classroom management system 1\virtual classroom management system 1\x64\debug\virtual .90c12358.tlog\cl.write.1.tlog
c:\users\prana\source\repos\virtual classroom management system 1\virtual classroom management system 1\x64\debug\virtual .90c12358.tlog\link.1924-cvtres.read.1.tlog
c:\users\prana\source\repos\virtual classroom management system 1\virtual classroom management system 1\x64\debug\virtual .90c12358.tlog\link.1924-cvtres.write.1.tlog
c:\users\prana\source\repos\virtual classroom management system 1\virtual classroom management system 1\x64\debug\virtual .90c12358.tlog\link.1924-rc.read.1.tlog
c:\users\prana\source\repos\virtual classroom management system 1\virtual classroom management system 1\x64\debug\virtual .90c12358.tlog\link.1924-rc.write.1.tlog
c:\users\prana\source\repos\virtual classroom management system 1\virtual classroom management system 1\x64\debug\virtual .90c12358.tlog\link.1924.read.1.tlog
c:\users\prana\source\repos\virtual classroom management system 1\virtual classroom management system 1\x64\debug\virtual .90c12358.tlog\link.1924.read.2.tlog
c:\users\prana\source\repos\virtual classroom management system 1\virtual classroom management system 1\x64\debug\virtual .90c12358.tlog\link.1924.write.1.tlog
c:\users\prana\source\repos\virtual classroom management system 1\virtual classroom management system 1\x64\debug\virtual .90c12358.tlog\link.4272-cvtres.read.1.tlog
c:\users\prana\source\repos\virtual classroom management system 1\virtual classroom management system 1\x64\debug\virtual .90c12358.tlog\link.4272-cvtres.write.1.tlog
c:\users\prana\source\repos\virtual classroom management system 1\virtual classroom management system 1\x64\debug\virtual .90c12358.tlog\link.4272-rc.read.1.tlog
c:\users\prana\source\repos\virtual classroom management system 1\virtual classroom management system 1\x64\debug\virtual .90c12358.tlog\link.4272-rc.write.1.tlog
c:\users\prana\source\repos\virtual classroom management system 1\virtual classroom management system 1\x64\debug\virtual .90c12358.tlog\link.4272.read.1.tlog
c:\users\prana\source\repos\virtual classroom management system 1\virtual classroom management system 1\x64\debug\virtual .90c12358.tlog\link.4272.read.2.tlog
c:\users\prana\source\repos\virtual classroom management system 1\virtual classroom management system 1\x64\debug\virtual .90c12358.tlog\link.4272.write.1.tlog
c:\users\prana\source\repos\virtual classroom management system 1\virtual classroom management system 1\x64\debug\virtual .90c12358.tlog\link.6920-cvtres.read.1.tlog
c:\users\prana\source\repos\virtual classroom management system 1\virtual classroom management system 1\x64\debug\virtual .90c12358.tlog\link.6920-cvtres.write.1.tlog
c:\users\prana\source\repos\virtual classroom management system 1\virtual classroom management system 1\x64\debug\virtual .90c12358.tlog\link.6920-rc.read.1.tlog
c:\users\prana\source\repos\virtual classroom management system 1\virtual classroom management system 1\x64\debug\virtual .90c12358.tlog\link.6920-rc.write.1.tlog
c:\users\prana\source\repos\virtual classroom management system 1\virtual classroom management system 1\x64\debug\virtual .90c12358.tlog\link.6920.read.1.tlog
c:\users\prana\source\repos\virtual classroom management system 1\virtual classroom management system 1\x64\debug\virtual .90c12358.tlog\link.6920.read.2.tlog
c:\users\prana\source\repos\virtual classroom management system 1\virtual classroom management system 1\x64\debug\virtual .90c12358.tlog\link.6920.write.1.tlog
c:\users\prana\source\repos\virtual classroom management system 1\virtual classroom management system 1\x64\debug\virtual .90c12358.tlog\link.command.1.tlog
c:\users\prana\source\repos\virtual classroom management system 1\virtual classroom management system 1\x64\debug\virtual .90c12358.tlog\link.read.1.tlog
c:\users\prana\source\repos\virtual classroom management system 1\virtual classroom management system 1\x64\debug\virtual .90c12358.tlog\link.read.2.tlog
c:\users\prana\source\repos\virtual classroom management system 1\virtual classroom management system 1\x64\debug\virtual .90c12358.tlog\link.write.1.tlog
c:\users\prana\source\repos\virtual classroom management system 1\virtual classroom management system 1\x64\debug\virtual .90c12358.tlog\metagen.read.1.tlog
c:\users\prana\source\repos\virtual classroom management system 1\virtual classroom management system 1\x64\debug\virtual .90c12358.tlog\metagen.write.1.tlog
c:\users\prana\source\repos\virtual classroom management system 1\virtual classroom management system 1\x64\debug\virtual .90c12358.tlog\resgen.command.1.tlog
c:\users\prana\source\repos\virtual classroom management system 1\virtual classroom management system 1\x64\debug\virtual .90c12358.tlog\resgen.read.1.tlog
c:\users\prana\source\repos\virtual classroom management system 1\virtual classroom management system 1\x64\debug\virtual .90c12358.tlog\resgen.write.1.tlog
